[2025-02-19 17:25:26,541][data.datasets_enzyme][INFO] - Training: 3551 examples
[2025-02-19 17:25:30,066][data.datasets_enzyme][INFO] - Validation: 190 examples
[2025-02-19 17:25:30,176][__main__][INFO] - Training with devices: [2]
[2025-02-19 17:25:30,998][Uni-Mol Tools][INFO] - Loading pretrained weights from /opt/anaconda3_2022/envs/fm/lib/python3.10/site-packages/unimol_tools/weights/mol_pre_all_h_220816.pt
[2025-02-19 17:26:40,382][__main__][INFO] - Checkpoints saved to ckpt/se3-fm/inpainting_enzyme/2025-02-19_17-25-24
[2025-02-19 17:26:41,519][torch.distributed.distributed_c10d][INFO] - Added key: store_based_barrier_key:1 to store for rank: 0
[2025-02-19 17:26:41,520][torch.distributed.distributed_c10d][INFO] - Rank 0: Completed store-based barrier for key:store_based_barrier_key:1 with 1 nodes.
[2025-02-19 17:26:46,985][Uni-Mol Tools][INFO] - Start generating conformers...
[2025-02-19 17:26:50,038][Uni-Mol Tools][INFO] - Succeeded in generating conformers for 100.00% of molecules.
[2025-02-19 17:26:50,042][Uni-Mol Tools][INFO] - Succeeded in generating 3d conformers for 100.00% of molecules.
[2025-02-19 17:26:54,176][Uni-Mol Tools][INFO] - Start generating conformers...
[2025-02-19 17:26:56,519][Uni-Mol Tools][INFO] - Succeeded in generating conformers for 100.00% of molecules.
[2025-02-19 17:26:56,523][Uni-Mol Tools][INFO] - Succeeded in generating 3d conformers for 100.00% of molecules.
[2025-02-19 17:26:58,840][Uni-Mol Tools][INFO] - Start generating conformers...
[2025-02-19 17:27:00,809][Uni-Mol Tools][INFO] - Succeeded in generating conformers for 100.00% of molecules.
[2025-02-19 17:27:00,811][Uni-Mol Tools][INFO] - Succeeded in generating 3d conformers for 100.00% of molecules.
[2025-02-19 17:29:02,226][Uni-Mol Tools][INFO] - Start generating conformers...
[2025-02-19 17:29:06,839][Uni-Mol Tools][INFO] - Succeeded in generating conformers for 100.00% of molecules.
[2025-02-19 17:29:06,841][Uni-Mol Tools][INFO] - Succeeded in generating 3d conformers for 100.00% of molecules.
[2025-02-19 17:29:07,878][Uni-Mol Tools][INFO] - Start generating conformers...
[2025-02-19 17:29:13,206][Uni-Mol Tools][INFO] - Succeeded in generating conformers for 100.00% of molecules.
[2025-02-19 17:29:13,209][Uni-Mol Tools][INFO] - Succeeded in generating 3d conformers for 100.00% of molecules.
